<?xml version="1.0" encoding="UTF-8"?>
<!-- Generated by org.testng.reporters.JUnitXMLReporter -->
<testsuite ignored="2" hostname="DESKTOP-C0VBIHC" failures="0" tests="1" name="Default test" time="0.104" errors="0" timestamp="2025-02-09T14:07:41 IST">
  <testcase classname="TestNG.Groups" name="login" time="0.023"/>
  <testcase classname="TestNG.Groups" name="sendEmail" time="0.0">
    <ignored/>
  </testcase> <!-- sendEmail -->
  <testcase classname="TestNG.Groups" name="openapp" time="0.0">
    <ignored/>
  </testcase> <!-- openapp -->
</testsuite> <!-- Default test -->
