<?xml version="1.0" encoding="UTF-8"?>
<!-- Generated by org.testng.reporters.JUnitXMLReporter -->
<testsuite ignored="0" hostname="DESKTOP-C0VBIHC" failures="0" tests="4" name="Test2" time="0.079" errors="0" timestamp="2025-02-08T17:01:54 IST">
  <testcase classname="testNG_Annotations.Class3" name="t1" time="0.004"/>
  <testcase classname="testNG_Annotations.Class3" name="t2" time="0.01"/>
  <testcase classname="testNG_Annotations.Class4" name="t1" time="0.002"/>
  <testcase classname="testNG_Annotations.Class4" name="t2" time="0.004"/>
</testsuite> <!-- Test2 -->
