<?xml version="1.0" encoding="UTF-8"?>
<testng-results ignored="0" total="3" passed="3" failed="0" skipped="0">
  <reporter-output>
  </reporter-output>
  <suite started-at="2025-02-09T14:07:51 IST" name="Suite" finished-at="2025-02-09T14:07:52 IST" duration-ms="129">
    <groups>
      <group name="regression">
        <method signature="Groups.login()[pri:0, instance:TestNG.Groups@4f6ee6e4]" name="login" class="TestNG.Groups"/>
        <method signature="Groups.sendEmail()[pri:0, instance:TestNG.Groups@4f6ee6e4]" name="sendEmail" class="TestNG.Groups"/>
      </group> <!-- regression -->
      <group name="sanity">
        <method signature="Groups.openapp()[pri:1, instance:TestNG.Groups@4f6ee6e4]" name="openapp" class="TestNG.Groups"/>
        <method signature="Groups.sendEmail()[pri:0, instance:TestNG.Groups@4f6ee6e4]" name="sendEmail" class="TestNG.Groups"/>
      </group> <!-- sanity -->
    </groups>
    <test started-at="2025-02-09T14:07:51 IST" name="Test" finished-at="2025-02-09T14:07:52 IST" duration-ms="129">
      <class name="TestNG.Groups">
        <test-method signature="login()[pri:0, instance:TestNG.Groups@4f6ee6e4]" started-at="2025-02-09T14:07:52 IST" name="login" finished-at="2025-02-09T14:07:52 IST" duration-ms="23" status="PASS">
          <reporter-output>
          </reporter-output>
        </test-method> <!-- login -->
        <test-method signature="sendEmail()[pri:0, instance:TestNG.Groups@4f6ee6e4]" started-at="2025-02-09T14:07:52 IST" name="sendEmail" finished-at="2025-02-09T14:07:52 IST" duration-ms="6" status="PASS">
          <reporter-output>
          </reporter-output>
        </test-method> <!-- sendEmail -->
        <test-method signature="openapp()[pri:1, instance:TestNG.Groups@4f6ee6e4]" started-at="2025-02-09T14:07:52 IST" name="openapp" finished-at="2025-02-09T14:07:52 IST" duration-ms="5" status="PASS">
          <reporter-output>
          </reporter-output>
        </test-method> <!-- openapp -->
      </class> <!-- TestNG.Groups -->
    </test> <!-- Test -->
  </suite> <!-- Suite -->
</testng-results>
